c:\users\smj\desktop\674\documenthandlingsystem\documenthandlingsystem\documenthandlingsystem\debug\vc140.pdb
c:\users\smj\desktop\674\documenthandlingsystem\documenthandlingsystem\documenthandlingsystem\debug\vc140.idb
c:\users\smj\desktop\674\documenthandlingsystem\documenthandlingsystem\documenthandlingsystem\debug\documentr.obj
c:\users\smj\desktop\674\documenthandlingsystem\documenthandlingsystem\documenthandlingsystem\debug\spellcheck_wordsp.obj
c:\users\smj\desktop\674\documenthandlingsystem\documenthandlingsystem\debug\documenthandlingsystem.ilk
c:\users\smj\desktop\674\documenthandlingsystem\documenthandlingsystem\debug\documenthandlingsystem.exe
c:\users\smj\desktop\674\documenthandlingsystem\documenthandlingsystem\debug\documenthandlingsystem.pdb
d:\1黄金备份\研究生\cse674\assignment3_mengjie shi\documenthandlingsystem\documenthandlingsystem\documenthandlingsystem\debug\documentr.obj
d:\1黄金备份\研究生\cse674\assignment3_mengjie shi\documenthandlingsystem\documenthandlingsystem\documenthandlingsystem\debug\spellcheck_wordsp.obj
d:\1黄金备份\研究生\cse674\assignment3_mengjie shi\documenthandlingsystem\documenthandlingsystem\documenthandlingsystem\debug\vc140.idb
d:\1黄金备份\研究生\cse674\assignment3_mengjie shi\documenthandlingsystem\documenthandlingsystem\documenthandlingsystem\debug\vc140.pdb
d:\1黄金备份\研究生\cse674\assignment3_mengjie shi\documenthandlingsystem\documenthandlingsystem\debug\documenthandlingsystem.pdb
d:\1黄金备份\研究生\cse674\assignment3_mengjie shi\documenthandlingsystem\documenthandlingsystem\debug\documenthandlingsystem.exe
d:\1黄金备份\研究生\cse674\assignment3_mengjie shi\documenthandlingsystem\documenthandlingsystem\debug\documenthandlingsystem.ilk
d:\1黄金备份\研究生\cse674\assignment3_mengjie shi\documenthandlingsystem\documenthandlingsystem\documenthandlingsystem\debug\document.e1ac7b57.tlog\cl.command.1.tlog
d:\1黄金备份\研究生\cse674\assignment3_mengjie shi\documenthandlingsystem\documenthandlingsystem\documenthandlingsystem\debug\document.e1ac7b57.tlog\cl.read.1.tlog
d:\1黄金备份\研究生\cse674\assignment3_mengjie shi\documenthandlingsystem\documenthandlingsystem\documenthandlingsystem\debug\document.e1ac7b57.tlog\cl.write.1.tlog
d:\1黄金备份\研究生\cse674\assignment3_mengjie shi\documenthandlingsystem\documenthandlingsystem\documenthandlingsystem\debug\document.e1ac7b57.tlog\link.command.1.tlog
d:\1黄金备份\研究生\cse674\assignment3_mengjie shi\documenthandlingsystem\documenthandlingsystem\documenthandlingsystem\debug\document.e1ac7b57.tlog\link.read.1.tlog
d:\1黄金备份\研究生\cse674\assignment3_mengjie shi\documenthandlingsystem\documenthandlingsystem\documenthandlingsystem\debug\document.e1ac7b57.tlog\link.write.1.tlog
